2026-02-07 16:42:44 [BLACKBOARD pid=9604][BOOT] Session started in CLIENT mode
2026-02-07 16:42:44 [BLACKBOARD pid=9604][BOOT] Blackboard awakes
2026-02-07 16:43:32 [BLACKBOARD pid=9604][CLIENT] ip addres insert: 192.168.1.40
2026-02-07 16:43:32 [NETWORK pid=9604][CLIENT] Socket created
2026-02-07 16:43:32 [NETWORK pid=9604][CLIENT] Connected to server
2026-02-07 16:43:32 [NETWORK pid=9604][CLIENT] Received handshake: ok
2026-02-07 16:43:32 [NETWORK pid=9604][CLIENT] Handshake completed
2026-02-07 16:43:32 [NETWORK pid=9604][CLIENT] Received window size 100 x 30
2026-02-07 16:43:32 [BLACKBOARD pid=9604][BOOT] Heartbeat semaphore initialized
2026-02-07 16:43:33 [BLACKBOARD pid=9604][BOOT] Signal mask active
2026-02-07 16:43:33 [BLACKBOARD pid=9604]Forked INPUT process with PID=9717
2026-02-07 16:43:33 [BLACKBOARD pid=9604]Forked DRONE process with PID=9718
2026-02-07 16:43:33 [BLACKBOARD pid=9604][BOOT] Signal mask deactive
2026-02-07 16:43:33 [DRONE pid=9718]Drone process awakes (PID: 9718, slot: 2)
2026-02-07 16:43:33 [NETWORK pid=9604][CLIENT] ERROR: invalid message 
2026-02-07 16:43:33 [NETWORK pid=9604]ERROR receiving drone position
2026-02-07 16:43:33 [INPUT pid=9733]Input process awakes (PID: 9733, slot: 1)
2026-02-07 16:43:39 [NETWORK pid=9604][CLIENT] ERROR: failed to receive type message
2026-02-07 16:43:39 [BLACKBOARD pid=9604]INPUT exited with code 0
2026-02-07 16:43:39 [BLACKBOARD pid=9604]DRONE exited with code 0
2026-02-07 16:43:39 [BLACKBOARD pid=9604]Blackboard shutdown
