2025-12-28 03:06:59 [BLACKBOARD pid=32593][BOOT] Blackboard awakes
2025-12-28 03:06:59 [BLACKBOARD pid=32593][BOOT] Config loaded: 100x30 world, 20 obstacles, 10 targets
2025-12-28 03:06:59 [BLACKBOARD pid=32593][BOOT] Heartbeat semaphore initialized
2025-12-28 03:06:59 [BLACKBOARD pid=32593]All processes forked successfully
2025-12-28 03:06:59 [DRONE pid=32596]Drone process awakes (PID: 32596, slot: 2)
2025-12-28 03:06:59 [TARGETS pid=32597]Targets process awakes (PID: 32597, slot: 3)
2025-12-28 03:06:59 [TARGETS pid=32597]Spawned 10 targets initially
2025-12-28 03:06:59 [OBSTACLES pid=32598]Obstacles process awakes (PID: 32598, slot: 4)
2025-12-28 03:06:59 [OBSTACLES pid=32598]Spawned 20 obstacles initially
2025-12-28 03:06:59 [WATCHDOG pid=32599]Watchdog awakes (timeout: 2000ms)
2025-12-28 03:06:59 [WATCHDOG pid=32599]Heartbeat table mapped successfully
2025-12-28 03:07:00 [WATCHDOG pid=32599]All processes should be awake
2025-12-28 03:07:00 [INPUT pid=32611]Input process awakes (PID: 32611, slot: 1)
2025-12-28 03:07:23 [INPUT pid=32611]r key pressed
2025-12-28 03:07:24 [INPUT pid=32611]e key pressed
2025-12-28 03:07:24 [DRONE_PHYSICS pid=32593]Drone collects a target
2025-12-28 03:07:26 [INPUT pid=32611]f key pressed
2025-12-28 03:07:26 [DRONE_PHYSICS pid=32593]Drone hit the fence
2025-12-28 03:07:27 [INPUT pid=32611]f key pressed
2025-12-28 03:07:27 [INPUT pid=32611]f key pressed
2025-12-28 03:07:27 [INPUT pid=32611]f key pressed
2025-12-28 03:07:27 [DRONE_PHYSICS pid=32593]Drone collects a target
2025-12-28 03:07:28 [INPUT pid=32611]d key pressed
2025-12-28 03:07:28 [INPUT pid=32611]d key pressed
2025-12-28 03:07:28 [INPUT pid=32611]d key pressed
2025-12-28 03:07:29 [INPUT pid=32611]d key pressed
2025-12-28 03:07:29 [INPUT pid=32611]d key pressed
2025-12-28 03:07:29 [TARGETS pid=32597]Targets relocated
2025-12-28 03:07:29 [BLACKBOARD pid=32593]Target remaining: 8
2025-12-28 03:07:29 [OBSTACLES pid=32598]Obstacles relocated
2025-12-28 03:07:31 [INPUT pid=32611]c key pressed
2025-12-28 03:07:32 [INPUT pid=32611]c key pressed
2025-12-28 03:07:32 [INPUT pid=32611]c key pressed
2025-12-28 03:07:32 [INPUT pid=32611]c key pressed
2025-12-28 03:07:32 [INPUT pid=32611]c key pressed
2025-12-28 03:07:32 [INPUT pid=32611]c key pressed
2025-12-28 03:07:33 [INPUT pid=32611]c key pressed
2025-12-28 03:07:33 [DRONE_PHYSICS pid=32593]Drone hit an obstacle
2025-12-28 03:07:33 [DRONE_PHYSICS pid=32593]Drone hit an obstacle
2025-12-28 03:07:33 [INPUT pid=32611]c key pressed
2025-12-28 03:07:34 [DRONE_PHYSICS pid=32593]Drone hit the fence
2025-12-28 03:07:35 [INPUT pid=32611]f key pressed
2025-12-28 03:07:35 [INPUT pid=32611]f key pressed
2025-12-28 03:07:35 [INPUT pid=32611]f key pressed
2025-12-28 03:07:35 [INPUT pid=32611]f key pressed
2025-12-28 03:07:35 [INPUT pid=32611]f key pressed
2025-12-28 03:07:35 [INPUT pid=32611]f key pressed
2025-12-28 03:07:35 [INPUT pid=32611]f key pressed
2025-12-28 03:07:35 [INPUT pid=32611]f key pressed
2025-12-28 03:07:35 [INPUT pid=32611]f key pressed
2025-12-28 03:07:35 [INPUT pid=32611]f key pressed
2025-12-28 03:07:35 [INPUT pid=32611]f key pressed
2025-12-28 03:07:35 [INPUT pid=32611]f key pressed
2025-12-28 03:07:36 [INPUT pid=32611]f key pressed
2025-12-28 03:07:36 [INPUT pid=32611]f key pressed
2025-12-28 03:07:36 [INPUT pid=32611]f key pressed
2025-12-28 03:07:36 [INPUT pid=32611]f key pressed
2025-12-28 03:07:36 [INPUT pid=32611]f key pressed
2025-12-28 03:07:36 [INPUT pid=32611]f key pressed
2025-12-28 03:07:36 [DRONE_PHYSICS pid=32593]Drone hit an obstacle
2025-12-28 03:07:36 [INPUT pid=32611]f key pressed
2025-12-28 03:07:36 [INPUT pid=32611]f key pressed
2025-12-28 03:07:36 [INPUT pid=32611]f key pressed
2025-12-28 03:07:36 [INPUT pid=32611]f key pressed
2025-12-28 03:07:36 [INPUT pid=32611]f key pressed
2025-12-28 03:07:36 [INPUT pid=32611]f key pressed
2025-12-28 03:07:36 [INPUT pid=32611]f key pressed
2025-12-28 03:07:36 [DRONE_PHYSICS pid=32593]Drone hit an obstacle
2025-12-28 03:07:36 [INPUT pid=32611]f key pressed
2025-12-28 03:07:36 [INPUT pid=32611]f key pressed
2025-12-28 03:07:36 [INPUT pid=32611]f key pressed
2025-12-28 03:07:36 [INPUT pid=32611]f key pressed
2025-12-28 03:07:36 [INPUT pid=32611]f key pressed
2025-12-28 03:07:36 [INPUT pid=32611]f key pressed
2025-12-28 03:07:36 [INPUT pid=32611]f key pressed
2025-12-28 03:07:36 [INPUT pid=32611]f key pressed
2025-12-28 03:07:36 [INPUT pid=32611]f key pressed
2025-12-28 03:07:36 [INPUT pid=32611]f key pressed
2025-12-28 03:07:36 [INPUT pid=32611]f key pressed
2025-12-28 03:07:36 [DRONE_PHYSICS pid=32593]Drone hit the fence
2025-12-28 03:07:36 [INPUT pid=32611]f key pressed
2025-12-28 03:07:36 [INPUT pid=32611]f key pressed
2025-12-28 03:07:36 [INPUT pid=32611]f key pressed
2025-12-28 03:07:36 [INPUT pid=32611]f key pressed
2025-12-28 03:07:36 [INPUT pid=32611]f key pressed
2025-12-28 03:07:36 [INPUT pid=32611]f key pressed
2025-12-28 03:07:36 [INPUT pid=32611]f key pressed
2025-12-28 03:07:36 [INPUT pid=32611]f key pressed
2025-12-28 03:07:36 [INPUT pid=32611]f key pressed
2025-12-28 03:07:37 [INPUT pid=32611]f key pressed
2025-12-28 03:07:37 [INPUT pid=32611]f key pressed
2025-12-28 03:07:37 [INPUT pid=32611]e key pressed
2025-12-28 03:07:37 [INPUT pid=32611]e key pressed
2025-12-28 03:07:37 [INPUT pid=32611]e key pressed
2025-12-28 03:07:37 [INPUT pid=32611]e key pressed
2025-12-28 03:07:37 [INPUT pid=32611]e key pressed
2025-12-28 03:07:37 [INPUT pid=32611]e key pressed
2025-12-28 03:07:38 [INPUT pid=32611]e key pressed
2025-12-28 03:07:38 [INPUT pid=32611]e key pressed
2025-12-28 03:07:38 [INPUT pid=32611]e key pressed
2025-12-28 03:07:38 [INPUT pid=32611]e key pressed
2025-12-28 03:07:38 [INPUT pid=32611]e key pressed
2025-12-28 03:07:38 [INPUT pid=32611]e key pressed
2025-12-28 03:07:38 [INPUT pid=32611]e key pressed
2025-12-28 03:07:38 [INPUT pid=32611]e key pressed
2025-12-28 03:07:38 [INPUT pid=32611]e key pressed
2025-12-28 03:07:38 [INPUT pid=32611]e key pressed
2025-12-28 03:07:38 [INPUT pid=32611]e key pressed
2025-12-28 03:07:38 [INPUT pid=32611]e key pressed
2025-12-28 03:07:38 [INPUT pid=32611]e key pressed
2025-12-28 03:07:38 [INPUT pid=32611]e key pressed
2025-12-28 03:07:38 [INPUT pid=32611]e key pressed
2025-12-28 03:07:38 [INPUT pid=32611]e key pressed
2025-12-28 03:07:38 [INPUT pid=32611]e key pressed
2025-12-28 03:07:38 [INPUT pid=32611]e key pressed
2025-12-28 03:07:38 [INPUT pid=32611]e key pressed
2025-12-28 03:07:38 [INPUT pid=32611]e key pressed
2025-12-28 03:07:38 [INPUT pid=32611]e key pressed
2025-12-28 03:07:38 [INPUT pid=32611]e key pressed
2025-12-28 03:07:38 [INPUT pid=32611]e key pressed
2025-12-28 03:07:38 [INPUT pid=32611]e key pressed
2025-12-28 03:07:38 [INPUT pid=32611]e key pressed
2025-12-28 03:07:38 [INPUT pid=32611]e key pressed
2025-12-28 03:07:38 [INPUT pid=32611]a key pressed
2025-12-28 03:07:39 [INPUT pid=32611]s key pressed
2025-12-28 03:07:39 [INPUT pid=32611]s key pressed
2025-12-28 03:07:39 [INPUT pid=32611]s key pressed
2025-12-28 03:07:39 [INPUT pid=32611]s key pressed
2025-12-28 03:07:40 [INPUT pid=32611]s key pressed
2025-12-28 03:07:40 [INPUT pid=32611]s key pressed
2025-12-28 03:07:40 [INPUT pid=32611]s key pressed
2025-12-28 03:07:40 [INPUT pid=32611]s key pressed
2025-12-28 03:07:40 [INPUT pid=32611]s key pressed
2025-12-28 03:07:40 [INPUT pid=32611]s key pressed
2025-12-28 03:07:40 [INPUT pid=32611]s key pressed
2025-12-28 03:07:40 [INPUT pid=32611]s key pressed
2025-12-28 03:07:40 [INPUT pid=32611]s key pressed
2025-12-28 03:07:40 [INPUT pid=32611]s key pressed
2025-12-28 03:07:40 [INPUT pid=32611]s key pressed
2025-12-28 03:07:40 [INPUT pid=32611]s key pressed
2025-12-28 03:07:40 [INPUT pid=32611]s key pressed
2025-12-28 03:07:40 [INPUT pid=32611]s key pressed
2025-12-28 03:07:40 [INPUT pid=32611]s key pressed
2025-12-28 03:07:40 [INPUT pid=32611]s key pressed
2025-12-28 03:07:40 [INPUT pid=32611]c key pressed
2025-12-28 03:07:40 [INPUT pid=32611]c key pressed
2025-12-28 03:07:41 [INPUT pid=32611]x key pressed
2025-12-28 03:07:41 [INPUT pid=32611]x key pressed
2025-12-28 03:07:41 [INPUT pid=32611]x key pressed
2025-12-28 03:07:43 [INPUT pid=32611]s key pressed
2025-12-28 03:07:43 [INPUT pid=32611]x key pressed
2025-12-28 03:07:43 [INPUT pid=32611]x key pressed
2025-12-28 03:07:43 [INPUT pid=32611]x key pressed
2025-12-28 03:07:44 [INPUT pid=32611]x key pressed
2025-12-28 03:07:44 [INPUT pid=32611]x key pressed
2025-12-28 03:07:44 [INPUT pid=32611]x key pressed
2025-12-28 03:07:44 [INPUT pid=32611]x key pressed
2025-12-28 03:07:44 [INPUT pid=32611]x key pressed
2025-12-28 03:07:44 [INPUT pid=32611]x key pressed
2025-12-28 03:07:44 [INPUT pid=32611]x key pressed
2025-12-28 03:07:45 [INPUT pid=32611]x key pressed
2025-12-28 03:07:45 [INPUT pid=32611]x key pressed
2025-12-28 03:07:45 [INPUT pid=32611]x key pressed
2025-12-28 03:07:46 [INPUT pid=32611]x key pressed
2025-12-28 03:07:46 [INPUT pid=32611]x key pressed
2025-12-28 03:07:46 [INPUT pid=32611]x key pressed
2025-12-28 03:07:46 [INPUT pid=32611]x key pressed
2025-12-28 03:07:46 [INPUT pid=32611]x key pressed
2025-12-28 03:07:46 [INPUT pid=32611]x key pressed
2025-12-28 03:07:46 [INPUT pid=32611]x key pressed
2025-12-28 03:07:46 [INPUT pid=32611]x key pressed
2025-12-28 03:07:46 [INPUT pid=32611]x key pressed
2025-12-28 03:07:46 [INPUT pid=32611]x key pressed
2025-12-28 03:07:46 [INPUT pid=32611]x key pressed
2025-12-28 03:07:46 [INPUT pid=32611]x key pressed
2025-12-28 03:07:46 [INPUT pid=32611]x key pressed
2025-12-28 03:07:46 [INPUT pid=32611]x key pressed
2025-12-28 03:07:46 [INPUT pid=32611]x key pressed
2025-12-28 03:07:46 [INPUT pid=32611]x key pressed
2025-12-28 03:07:46 [INPUT pid=32611]x key pressed
2025-12-28 03:07:46 [INPUT pid=32611]x key pressed
2025-12-28 03:07:46 [INPUT pid=32611]x key pressed
2025-12-28 03:07:46 [INPUT pid=32611]x key pressed
2025-12-28 03:07:46 [INPUT pid=32611]x key pressed
2025-12-28 03:07:46 [DRONE_PHYSICS pid=32593]Drone hit an obstacle
2025-12-28 03:07:46 [INPUT pid=32611]x key pressed
2025-12-28 03:07:46 [INPUT pid=32611]x key pressed
2025-12-28 03:07:46 [INPUT pid=32611]x key pressed
2025-12-28 03:07:46 [DRONE_PHYSICS pid=32593]Drone hit an obstacle
2025-12-28 03:07:46 [DRONE_PHYSICS pid=32593]Drone hit the fence
2025-12-28 03:07:46 [DRONE_PHYSICS pid=32593]Drone hit an obstacle
2025-12-28 03:07:46 [DRONE_PHYSICS pid=32593]Drone hit the fence
2025-12-28 03:07:47 [DRONE_PHYSICS pid=32593]Drone hit an obstacle
2025-12-28 03:07:47 [DRONE_PHYSICS pid=32593]Drone hit the fence
2025-12-28 03:07:47 [DRONE_PHYSICS pid=32593]Drone hit an obstacle
2025-12-28 03:07:47 [DRONE_PHYSICS pid=32593]Drone hit the fence
2025-12-28 03:07:47 [INPUT pid=32611]e key pressed
2025-12-28 03:07:47 [DRONE_PHYSICS pid=32593]Drone hit an obstacle
2025-12-28 03:07:47 [DRONE_PHYSICS pid=32593]Drone hit an obstacle
2025-12-28 03:07:47 [INPUT pid=32611]e key pressed
2025-12-28 03:07:47 [INPUT pid=32611]e key pressed
2025-12-28 03:07:47 [DRONE_PHYSICS pid=32593]Drone hit the fence
2025-12-28 03:07:47 [INPUT pid=32611]e key pressed
2025-12-28 03:07:47 [INPUT pid=32611]e key pressed
2025-12-28 03:07:47 [INPUT pid=32611]e key pressed
2025-12-28 03:07:47 [INPUT pid=32611]e key pressed
2025-12-28 03:07:47 [INPUT pid=32611]e key pressed
2025-12-28 03:07:47 [INPUT pid=32611]e key pressed
2025-12-28 03:07:48 [INPUT pid=32611]e key pressed
2025-12-28 03:07:48 [INPUT pid=32611]e key pressed
2025-12-28 03:07:48 [INPUT pid=32611]e key pressed
2025-12-28 03:07:48 [INPUT pid=32611]e key pressed
2025-12-28 03:07:48 [DRONE_PHYSICS pid=32593]Drone hit an obstacle
2025-12-28 03:07:48 [INPUT pid=32611]e key pressed
2025-12-28 03:07:48 [INPUT pid=32611]e key pressed
2025-12-28 03:07:48 [DRONE_PHYSICS pid=32593]Drone hit an obstacle
2025-12-28 03:07:48 [INPUT pid=32611]e key pressed
2025-12-28 03:07:48 [INPUT pid=32611]e key pressed
2025-12-28 03:07:48 [INPUT pid=32611]e key pressed
2025-12-28 03:07:48 [DRONE_PHYSICS pid=32593]Drone hit an obstacle
2025-12-28 03:07:48 [INPUT pid=32611]e key pressed
2025-12-28 03:07:48 [INPUT pid=32611]e key pressed
2025-12-28 03:07:48 [INPUT pid=32611]e key pressed
2025-12-28 03:07:48 [DRONE_PHYSICS pid=32593]Drone hit an obstacle
2025-12-28 03:07:48 [INPUT pid=32611]e key pressed
2025-12-28 03:07:48 [INPUT pid=32611]e key pressed
2025-12-28 03:07:48 [INPUT pid=32611]e key pressed
2025-12-28 03:07:48 [INPUT pid=32611]e key pressed
2025-12-28 03:07:48 [INPUT pid=32611]e key pressed
2025-12-28 03:07:48 [INPUT pid=32611]e key pressed
2025-12-28 03:07:48 [INPUT pid=32611]e key pressed
2025-12-28 03:07:48 [INPUT pid=32611]e key pressed
2025-12-28 03:07:48 [INPUT pid=32611]e key pressed
2025-12-28 03:07:48 [INPUT pid=32611]e key pressed
2025-12-28 03:07:48 [INPUT pid=32611]e key pressed
2025-12-28 03:07:48 [INPUT pid=32611]e key pressed
2025-12-28 03:07:49 [DRONE_PHYSICS pid=32593]Drone hit the fence
2025-12-28 03:07:49 [INPUT pid=32611]c key pressed
2025-12-28 03:07:50 [INPUT pid=32611]c key pressed
2025-12-28 03:07:51 [DRONE_PHYSICS pid=32593]Drone hit an obstacle
2025-12-28 03:07:51 [INPUT pid=32611]c key pressed
2025-12-28 03:07:51 [INPUT pid=32611]c key pressed
2025-12-28 03:07:51 [INPUT pid=32611]c key pressed
2025-12-28 03:07:51 [DRONE_PHYSICS pid=32593]Drone hit the fence
2025-12-28 03:07:51 [DRONE_PHYSICS pid=32593]Drone hit an obstacle
2025-12-28 03:07:51 [INPUT pid=32611]c key pressed
2025-12-28 03:07:51 [INPUT pid=32611]c key pressed
2025-12-28 03:07:51 [INPUT pid=32611]c key pressed
2025-12-28 03:07:51 [INPUT pid=32611]c key pressed
2025-12-28 03:07:51 [INPUT pid=32611]c key pressed
2025-12-28 03:07:51 [DRONE_PHYSICS pid=32593]Drone hit the fence
2025-12-28 03:07:51 [INPUT pid=32611]c key pressed
2025-12-28 03:07:51 [INPUT pid=32611]c key pressed
2025-12-28 03:07:51 [INPUT pid=32611]c key pressed
2025-12-28 03:07:51 [INPUT pid=32611]c key pressed
2025-12-28 03:07:51 [INPUT pid=32611]c key pressed
2025-12-28 03:07:51 [INPUT pid=32611]c key pressed
2025-12-28 03:07:51 [INPUT pid=32611]c key pressed
2025-12-28 03:07:51 [INPUT pid=32611]c key pressed
2025-12-28 03:07:51 [INPUT pid=32611]c key pressed
2025-12-28 03:07:51 [INPUT pid=32611]c key pressed
2025-12-28 03:07:51 [INPUT pid=32611]c key pressed
2025-12-28 03:07:52 [INPUT pid=32611]c key pressed
2025-12-28 03:07:52 [INPUT pid=32611]c key pressed
2025-12-28 03:07:52 [INPUT pid=32611]c key pressed
2025-12-28 03:07:52 [INPUT pid=32611]c key pressed
2025-12-28 03:07:52 [INPUT pid=32611]c key pressed
2025-12-28 03:07:52 [INPUT pid=32611]g key pressed
2025-12-28 03:07:53 [INPUT pid=32611]g key pressed
2025-12-28 03:07:53 [INPUT pid=32611]g key pressed
2025-12-28 03:07:53 [INPUT pid=32611]g key pressed
2025-12-28 03:07:53 [INPUT pid=32611]g key pressed
2025-12-28 03:07:53 [INPUT pid=32611]g key pressed
2025-12-28 03:07:53 [INPUT pid=32611]g key pressed
2025-12-28 03:07:53 [INPUT pid=32611]g key pressed
2025-12-28 03:07:53 [INPUT pid=32611]g key pressed
2025-12-28 03:07:53 [INPUT pid=32611]g key pressed
2025-12-28 03:07:53 [INPUT pid=32611]g key pressed
2025-12-28 03:07:53 [INPUT pid=32611]g key pressed
2025-12-28 03:07:53 [INPUT pid=32611]g key pressed
2025-12-28 03:07:53 [INPUT pid=32611]g key pressed
2025-12-28 03:07:53 [INPUT pid=32611]g key pressed
2025-12-28 03:07:53 [INPUT pid=32611]t key pressed
2025-12-28 03:07:54 [INPUT pid=32611]r key pressed
2025-12-28 03:07:54 [INPUT pid=32611]r key pressed
2025-12-28 03:07:54 [INPUT pid=32611]r key pressed
2025-12-28 03:07:55 [INPUT pid=32611]r key pressed
2025-12-28 03:07:55 [INPUT pid=32611]r key pressed
2025-12-28 03:07:55 [INPUT pid=32611]r key pressed
2025-12-28 03:07:55 [INPUT pid=32611]r key pressed
2025-12-28 03:07:55 [INPUT pid=32611]r key pressed
2025-12-28 03:07:55 [INPUT pid=32611]r key pressed
2025-12-28 03:07:55 [INPUT pid=32611]r key pressed
2025-12-28 03:07:55 [INPUT pid=32611]r key pressed
2025-12-28 03:07:55 [INPUT pid=32611]r key pressed
2025-12-28 03:07:55 [INPUT pid=32611]r key pressed
2025-12-28 03:07:55 [INPUT pid=32611]r key pressed
2025-12-28 03:07:55 [INPUT pid=32611]r key pressed
2025-12-28 03:07:55 [INPUT pid=32611]r key pressed
2025-12-28 03:07:55 [INPUT pid=32611]r key pressed
2025-12-28 03:07:55 [INPUT pid=32611]r key pressed
2025-12-28 03:07:55 [INPUT pid=32611]r key pressed
2025-12-28 03:07:55 [INPUT pid=32611]r key pressed
2025-12-28 03:07:55 [INPUT pid=32611]r key pressed
2025-12-28 03:07:55 [INPUT pid=32611]r key pressed
2025-12-28 03:07:55 [INPUT pid=32611]r key pressed
2025-12-28 03:07:55 [INPUT pid=32611]r key pressed
2025-12-28 03:07:55 [INPUT pid=32611]r key pressed
2025-12-28 03:07:55 [INPUT pid=32611]r key pressed
2025-12-28 03:07:55 [INPUT pid=32611]r key pressed
2025-12-28 03:07:55 [INPUT pid=32611]r key pressed
2025-12-28 03:07:55 [INPUT pid=32611]r key pressed
2025-12-28 03:07:55 [INPUT pid=32611]r key pressed
2025-12-28 03:07:55 [INPUT pid=32611]r key pressed
2025-12-28 03:07:55 [DRONE_PHYSICS pid=32593]Drone collects a target
2025-12-28 03:07:55 [INPUT pid=32611]r key pressed
2025-12-28 03:07:55 [INPUT pid=32611]r key pressed
2025-12-28 03:07:55 [INPUT pid=32611]r key pressed
2025-12-28 03:07:55 [INPUT pid=32611]r key pressed
2025-12-28 03:07:56 [DRONE_PHYSICS pid=32593]Drone hit the fence
2025-12-28 03:07:56 [DRONE_PHYSICS pid=32593]Drone collects a target
2025-12-28 03:07:56 [INPUT pid=32611]d key pressed
2025-12-28 03:07:56 [INPUT pid=32611]x key pressed
2025-12-28 03:07:57 [INPUT pid=32611]c key pressed
2025-12-28 03:07:57 [INPUT pid=32611]c key pressed
2025-12-28 03:07:57 [INPUT pid=32611]x key pressed
2025-12-28 03:07:58 [INPUT pid=32611]x key pressed
2025-12-28 03:07:58 [INPUT pid=32611]x key pressed
2025-12-28 03:07:58 [INPUT pid=32611]x key pressed
2025-12-28 03:07:58 [INPUT pid=32611]c key pressed
2025-12-28 03:07:58 [INPUT pid=32611]c key pressed
2025-12-28 03:07:58 [INPUT pid=32611]c key pressed
2025-12-28 03:07:59 [TARGETS pid=32597]Targets relocated
2025-12-28 03:07:59 [OBSTACLES pid=32598]Obstacles relocated
2025-12-28 03:07:59 [BLACKBOARD pid=32593]Target remaining: 6
2025-12-28 03:08:00 [INPUT pid=32611]d key pressed
2025-12-28 03:08:00 [INPUT pid=32611]d key pressed
2025-12-28 03:08:01 [INPUT pid=32611]d key pressed
2025-12-28 03:08:01 [INPUT pid=32611]d key pressed
2025-12-28 03:08:01 [INPUT pid=32611]d key pressed
2025-12-28 03:08:03 [INPUT pid=32611]q key pressed
2025-12-28 03:08:03 [INPUT pid=32611]Quit key pressed
2025-12-28 03:08:03 [INPUT pid=32611]Input process shutdown
2025-12-28 03:08:03 [BLACKBOARD pid=32593]Quit: shutting down
2025-12-28 03:08:03 [BLACKBOARD pid=32593]Blackboard shutdown
2025-12-28 03:08:03 [WATCHDOG pid=32599]INPUT process (slot=1, PID=32611) no longer exists, killing all processes
2025-12-28 03:08:03 [WATCHDOG pid=32599]Watchdog shutdown (reason: process INPUT terminated)
